# JRE version: OpenJDK Runtime Environment (7.0_40-b31) (build 1.7.0_40-b31)
# Java VM: OpenJDK 64-Bit Server VM (24.0-b50 mixed mode linux-amd64 compressed oops)
Heap
 PSYoungGen      total 234496K, used 32785K [0x00000000eb600000, 0x00000000fbf00000, 0x0000000100000000)
  eden space 229888K, 14% used [0x00000000eb600000,0x00000000ed5dc560,0x00000000f9680000)
  from space 4608K, 3% used [0x00000000f9b00000,0x00000000f9b28000,0x00000000f9f80000)
  to   space 4608K, 0% used [0x00000000f9680000,0x00000000f9680000,0x00000000f9b00000)
 ParOldGen       total 69120K, used 18593K [0x00000000c2200000, 0x00000000c6580000, 0x00000000eb600000)
  object space 69120K, 26% used [0x00000000c2200000,0x00000000c3428500,0x00000000c6580000)
 PSPermGen       total 30208K, used 15211K [0x00000000b7c00000, 0x00000000b9980000, 0x00000000c2200000)
  object space 30208K, 50% used [0x00000000b7c00000,0x00000000b8adaf30,0x00000000b9980000)
GC Heap History (10 events):
Event: 49,520 GC heap before
{Heap before GC invocations=47 (full 1):
 PSYoungGen      total 230912K, used 223872K [0x00000000eb600000, 0x00000000f9f80000, 0x0000000100000000)
  eden space 223744K, 100% used [0x00000000eb600000,0x00000000f9080000,0x00000000f9080000)
  from space 7168K, 1% used [0x00000000f9080000,0x00000000f90a0000,0x00000000f9780000)
  to   space 6656K, 0% used [0x00000000f9900000,0x00000000f9900000,0x00000000f9f80000)
 ParOldGen       total 69120K, used 18585K [0x00000000c2200000, 0x00000000c6580000, 0x00000000eb600000)
  object space 69120K, 26% used [0x00000000c2200000,0x00000000c3426500,0x00000000c6580000)
 PSPermGen       total 30208K, used 15179K [0x00000000b7c00000, 0x00000000b9980000, 0x00000000c2200000)
  object space 30208K, 50% used [0x00000000b7c00000,0x00000000b8ad2d70,0x00000000b9980000)
Event: 49,521 GC heap after
Heap after GC invocations=47 (full 1):
 PSYoungGen      total 231424K, used 128K [0x00000000eb600000, 0x00000000f9e80000, 0x0000000100000000)
  eden space 225792K, 0% used [0x00000000eb600000,0x00000000eb600000,0x00000000f9280000)
  from space 5632K, 2% used [0x00000000f9900000,0x00000000f9920000,0x00000000f9e80000)
  to   space 6144K, 0% used [0x00000000f9280000,0x00000000f9280000,0x00000000f9880000)
 ParOldGen       total 69120K, used 18585K [0x00000000c2200000, 0x00000000c6580000, 0x00000000eb600000)
  object space 69120K, 26% used [0x00000000c2200000,0x00000000c3426500,0x00000000c6580000)
 PSPermGen       total 30208K, used 15179K [0x00000000b7c00000, 0x00000000b9980000, 0x00000000c2200000)
  object space 30208K, 50% used [0x00000000b7c00000,0x00000000b8ad2d70,0x00000000b9980000)
}
Event: 50,886 GC heap before
{Heap before GC invocations=48 (full 1):
 PSYoungGen      total 231424K, used 225920K [0x00000000eb600000, 0x00000000f9e80000, 0x0000000100000000)
  eden space 225792K, 100% used [0x00000000eb600000,0x00000000f9280000,0x00000000f9280000)
  from space 5632K, 2% used [0x00000000f9900000,0x00000000f9920000,0x00000000f9e80000)
  to   space 6144K, 0% used [0x00000000f9280000,0x00000000f9280000,0x00000000f9880000)
 ParOldGen       total 69120K, used 18585K [0x00000000c2200000, 0x00000000c6580000, 0x00000000eb600000)
  object space 69120K, 26% used [0x00000000c2200000,0x00000000c3426500,0x00000000c6580000)
 PSPermGen       total 30208K, used 15180K [0x00000000b7c00000, 0x00000000b9980000, 0x00000000c2200000)
  object space 30208K, 50% used [0x00000000b7c00000,0x00000000b8ad3100,0x00000000b9980000)
Event: 50,888 GC heap after
Heap after GC invocations=48 (full 1):
 PSYoungGen      total 231936K, used 96K [0x00000000eb600000, 0x00000000f9f80000, 0x0000000100000000)
  eden space 225792K, 0% used [0x00000000eb600000,0x00000000eb600000,0x00000000f9280000)
  from space 6144K, 1% used [0x00000000f9280000,0x00000000f9298000,0x00000000f9880000)
  to   space 5632K, 0% used [0x00000000f9a00000,0x00000000f9a00000,0x00000000f9f80000)
 ParOldGen       total 69120K, used 18593K [0x00000000c2200000, 0x00000000c6580000, 0x00000000eb600000)
  object space 69120K, 26% used [0x00000000c2200000,0x00000000c3428500,0x00000000c6580000)
 PSPermGen       total 30208K, used 15180K [0x00000000b7c00000, 0x00000000b9980000, 0x00000000c2200000)
  object space 30208K, 50% used [0x00000000b7c00000,0x00000000b8ad3100,0x00000000b9980000)
}
Event: 52,251 GC heap before
{Heap before GC invocations=49 (full 1):
 PSYoungGen      total 231936K, used 225888K [0x00000000eb600000, 0x00000000f9f80000, 0x0000000100000000)
  eden space 225792K, 100% used [0x00000000eb600000,0x00000000f9280000,0x00000000f9280000)
  from space 6144K, 1% used [0x00000000f9280000,0x00000000f9298000,0x00000000f9880000)
  to   space 5632K, 0% used [0x00000000f9a00000,0x00000000f9a00000,0x00000000f9f80000)
 ParOldGen       total 69120K, used 18593K [0x00000000c2200000, 0x00000000c6580000, 0x00000000eb600000)
  object space 69120K, 26% used [0x00000000c2200000,0x00000000c3428500,0x00000000c6580000)
 PSPermGen       total 30208K, used 15181K [0x00000000b7c00000, 0x00000000b9980000, 0x00000000c2200000)
  object space 30208K, 50% used [0x00000000b7c00000,0x00000000b8ad3720,0x00000000b9980000)
Event: 52,253 GC heap after
Heap after GC invocations=49 (full 1):
 PSYoungGen      total 232448K, used 96K [0x00000000eb600000, 0x00000000f9e80000, 0x0000000100000000)
  eden space 227840K, 0% used [0x00000000eb600000,0x00000000eb600000,0x00000000f9480000)
  from space 4608K, 2% used [0x00000000f9a00000,0x00000000f9a18000,0x00000000f9e80000)
  to   space 5120K, 0% used [0x00000000f9480000,0x00000000f9480000,0x00000000f9980000)
 ParOldGen       total 69120K, used 18593K [0x00000000c2200000, 0x00000000c6580000, 0x00000000eb600000)
  object space 69120K, 26% used [0x00000000c2200000,0x00000000c3428500,0x00000000c6580000)
 PSPermGen       total 30208K, used 15181K [0x00000000b7c00000, 0x00000000b9980000, 0x00000000c2200000)
  object space 30208K, 50% used [0x00000000b7c00000,0x00000000b8ad3720,0x00000000b9980000)
}
Event: 53,626 GC heap before
{Heap before GC invocations=50 (full 1):
 PSYoungGen      total 232448K, used 227936K [0x00000000eb600000, 0x00000000f9e80000, 0x0000000100000000)
  eden space 227840K, 100% used [0x00000000eb600000,0x00000000f9480000,0x00000000f9480000)
  from space 4608K, 2% used [0x00000000f9a00000,0x00000000f9a18000,0x00000000f9e80000)
  to   space 5120K, 0% used [0x00000000f9480000,0x00000000f9480000,0x00000000f9980000)
 ParOldGen       total 69120K, used 18593K [0x00000000c2200000, 0x00000000c6580000, 0x00000000eb600000)
  object space 69120K, 26% used [0x00000000c2200000,0x00000000c3428500,0x00000000c6580000)
 PSPermGen       total 30208K, used 15181K [0x00000000b7c00000, 0x00000000b9980000, 0x00000000c2200000)
  object space 30208K, 50% used [0x00000000b7c00000,0x00000000b8ad3720,0x00000000b9980000)
Event: 53,628 GC heap after
Heap after GC invocations=50 (full 1):
 PSYoungGen      total 232960K, used 128K [0x00000000eb600000, 0x00000000f9f80000, 0x0000000100000000)
  eden space 227840K, 0% used [0x00000000eb600000,0x00000000eb600000,0x00000000f9480000)
  from space 5120K, 2% used [0x00000000f9480000,0x00000000f94a0000,0x00000000f9980000)
  to   space 4608K, 0% used [0x00000000f9b00000,0x00000000f9b00000,0x00000000f9f80000)
 ParOldGen       total 69120K, used 18593K [0x00000000c2200000, 0x00000000c6580000, 0x00000000eb600000)
  object space 69120K, 26% used [0x00000000c2200000,0x00000000c3428500,0x00000000c6580000)
 PSPermGen       total 30208K, used 15181K [0x00000000b7c00000, 0x00000000b9980000, 0x00000000c2200000)
  object space 30208K, 50% used [0x00000000b7c00000,0x00000000b8ad3720,0x00000000b9980000)
}
Event: 55,163 GC heap before
{Heap before GC invocations=51 (full 1):
 PSYoungGen      total 232960K, used 227968K [0x00000000eb600000, 0x00000000f9f80000, 0x0000000100000000)
  eden space 227840K, 100% used [0x00000000eb600000,0x00000000f9480000,0x00000000f9480000)
  from space 5120K, 2% used [0x00000000f9480000,0x00000000f94a0000,0x00000000f9980000)
  to   space 4608K, 0% used [0x00000000f9b00000,0x00000000f9b00000,0x00000000f9f80000)
 ParOldGen       total 69120K, used 18593K [0x00000000c2200000, 0x00000000c6580000, 0x00000000eb600000)
  object space 69120K, 26% used [0x00000000c2200000,0x00000000c3428500,0x00000000c6580000)
 PSPermGen       total 30208K, used 15193K [0x00000000b7c00000, 0x00000000b9980000, 0x00000000c2200000)
  object space 30208K, 50% used [0x00000000b7c00000,0x00000000b8ad64b8,0x00000000b9980000)
Event: 55,854 GC heap after
Heap after GC invocations=51 (full 1):
 PSYoungGen      total 234496K, used 160K [0x00000000eb600000, 0x00000000fbf00000, 0x0000000100000000)
  eden space 229888K, 0% used [0x00000000eb600000,0x00000000eb600000,0x00000000f9680000)
  from space 4608K, 3% used [0x00000000f9b00000,0x00000000f9b28000,0x00000000f9f80000)
  to   space 4608K, 0% used [0x00000000f9680000,0x00000000f9680000,0x00000000f9b00000)
 ParOldGen       total 69120K, used 18593K [0x00000000c2200000, 0x00000000c6580000, 0x00000000eb600000)
  object space 69120K, 26% used [0x00000000c2200000,0x00000000c3428500,0x00000000c6580000)
 PSPermGen       total 30208K, used 15193K [0x00000000b7c00000, 0x00000000b9980000, 0x00000000c2200000)
  object space 30208K, 50% used [0x00000000b7c00000,0x00000000b8ad64b8,0x00000000b9980000)
}

