# JRE version: OpenJDK Runtime Environment (7.0_40-b31) (build 1.7.0_40-b31)
# Java VM: OpenJDK 64-Bit Server VM (24.0-b50 mixed mode linux-amd64 compressed oops)
Heap
 PSYoungGen      total 337408K, used 120791K [0x00000000eb600000, 0x0000000100000000, 0x0000000100000000)
  eden space 336896K, 35% used [0x00000000eb600000,0x00000000f2be5d38,0x00000000fff00000)
  from space 512K, 12% used [0x00000000fff80000,0x00000000fff90000,0x0000000100000000)
  to   space 512K, 0% used [0x00000000fff00000,0x00000000fff00000,0x00000000fff80000)
 ParOldGen       total 60928K, used 20383K [0x00000000c2200000, 0x00000000c5d80000, 0x00000000eb600000)
  object space 60928K, 33% used [0x00000000c2200000,0x00000000c35e7f40,0x00000000c5d80000)
 PSPermGen       total 29696K, used 15653K [0x00000000b7c00000, 0x00000000b9900000, 0x00000000c2200000)
  object space 29696K, 52% used [0x00000000b7c00000,0x00000000b8b497b0,0x00000000b9900000)
GC Heap History (10 events):
Event: 38,523 GC heap before
{Heap before GC invocations=89 (full 1):
 PSYoungGen      total 337408K, used 337024K [0x00000000eb600000, 0x0000000100000000, 0x0000000100000000)
  eden space 336896K, 100% used [0x00000000eb600000,0x00000000fff00000,0x00000000fff00000)
  from space 512K, 25% used [0x00000000fff00000,0x00000000fff20000,0x00000000fff80000)
  to   space 512K, 0% used [0x00000000fff80000,0x00000000fff80000,0x0000000100000000)
 ParOldGen       total 60928K, used 20375K [0x00000000c2200000, 0x00000000c5d80000, 0x00000000eb600000)
  object space 60928K, 33% used [0x00000000c2200000,0x00000000c35e5f40,0x00000000c5d80000)
 PSPermGen       total 29696K, used 15620K [0x00000000b7c00000, 0x00000000b9900000, 0x00000000c2200000)
  object space 29696K, 52% used [0x00000000b7c00000,0x00000000b8b41240,0x00000000b9900000)
Event: 38,525 GC heap after
Heap after GC invocations=89 (full 1):
 PSYoungGen      total 337408K, used 96K [0x00000000eb600000, 0x0000000100000000, 0x0000000100000000)
  eden space 336896K, 0% used [0x00000000eb600000,0x00000000eb600000,0x00000000fff00000)
  from space 512K, 18% used [0x00000000fff80000,0x00000000fff98000,0x0000000100000000)
  to   space 512K, 0% used [0x00000000fff00000,0x00000000fff00000,0x00000000fff80000)
 ParOldGen       total 60928K, used 20383K [0x00000000c2200000, 0x00000000c5d80000, 0x00000000eb600000)
  object space 60928K, 33% used [0x00000000c2200000,0x00000000c35e7f40,0x00000000c5d80000)
 PSPermGen       total 29696K, used 15620K [0x00000000b7c00000, 0x00000000b9900000, 0x00000000c2200000)
  object space 29696K, 52% used [0x00000000b7c00000,0x00000000b8b41240,0x00000000b9900000)
}
Event: 38,815 GC heap before
{Heap before GC invocations=90 (full 1):
 PSYoungGen      total 337408K, used 336992K [0x00000000eb600000, 0x0000000100000000, 0x0000000100000000)
  eden space 336896K, 100% used [0x00000000eb600000,0x00000000fff00000,0x00000000fff00000)
  from space 512K, 18% used [0x00000000fff80000,0x00000000fff98000,0x0000000100000000)
  to   space 512K, 0% used [0x00000000fff00000,0x00000000fff00000,0x00000000fff80000)
 ParOldGen       total 60928K, used 20383K [0x00000000c2200000, 0x00000000c5d80000, 0x00000000eb600000)
  object space 60928K, 33% used [0x00000000c2200000,0x00000000c35e7f40,0x00000000c5d80000)
 PSPermGen       total 29696K, used 15620K [0x00000000b7c00000, 0x00000000b9900000, 0x00000000c2200000)
  object space 29696K, 52% used [0x00000000b7c00000,0x00000000b8b413b8,0x00000000b9900000)
Event: 38,817 GC heap after
Heap after GC invocations=90 (full 1):
 PSYoungGen      total 337408K, used 64K [0x00000000eb600000, 0x0000000100000000, 0x0000000100000000)
  eden space 336896K, 0% used [0x00000000eb600000,0x00000000eb600000,0x00000000fff00000)
  from space 512K, 12% used [0x00000000fff00000,0x00000000fff10000,0x00000000fff80000)
  to   space 512K, 0% used [0x00000000fff80000,0x00000000fff80000,0x0000000100000000)
 ParOldGen       total 60928K, used 20383K [0x00000000c2200000, 0x00000000c5d80000, 0x00000000eb600000)
  object space 60928K, 33% used [0x00000000c2200000,0x00000000c35e7f40,0x00000000c5d80000)
 PSPermGen       total 29696K, used 15620K [0x00000000b7c00000, 0x00000000b9900000, 0x00000000c2200000)
  object space 29696K, 52% used [0x00000000b7c00000,0x00000000b8b413b8,0x00000000b9900000)
}
Event: 39,110 GC heap before
{Heap before GC invocations=91 (full 1):
 PSYoungGen      total 337408K, used 336960K [0x00000000eb600000, 0x0000000100000000, 0x0000000100000000)
  eden space 336896K, 100% used [0x00000000eb600000,0x00000000fff00000,0x00000000fff00000)
  from space 512K, 12% used [0x00000000fff00000,0x00000000fff10000,0x00000000fff80000)
  to   space 512K, 0% used [0x00000000fff80000,0x00000000fff80000,0x0000000100000000)
 ParOldGen       total 60928K, used 20383K [0x00000000c2200000, 0x00000000c5d80000, 0x00000000eb600000)
  object space 60928K, 33% used [0x00000000c2200000,0x00000000c35e7f40,0x00000000c5d80000)
 PSPermGen       total 29696K, used 15623K [0x00000000b7c00000, 0x00000000b9900000, 0x00000000c2200000)
  object space 29696K, 52% used [0x00000000b7c00000,0x00000000b8b41c90,0x00000000b9900000)
Event: 39,112 GC heap after
Heap after GC invocations=91 (full 1):
 PSYoungGen      total 337408K, used 96K [0x00000000eb600000, 0x0000000100000000, 0x0000000100000000)
  eden space 336896K, 0% used [0x00000000eb600000,0x00000000eb600000,0x00000000fff00000)
  from space 512K, 18% used [0x00000000fff80000,0x00000000fff98000,0x0000000100000000)
  to   space 512K, 0% used [0x00000000fff00000,0x00000000fff00000,0x00000000fff80000)
 ParOldGen       total 60928K, used 20383K [0x00000000c2200000, 0x00000000c5d80000, 0x00000000eb600000)
  object space 60928K, 33% used [0x00000000c2200000,0x00000000c35e7f40,0x00000000c5d80000)
 PSPermGen       total 29696K, used 15623K [0x00000000b7c00000, 0x00000000b9900000, 0x00000000c2200000)
  object space 29696K, 52% used [0x00000000b7c00000,0x00000000b8b41c90,0x00000000b9900000)
}
Event: 39,426 GC heap before
{Heap before GC invocations=92 (full 1):
 PSYoungGen      total 337408K, used 336992K [0x00000000eb600000, 0x0000000100000000, 0x0000000100000000)
  eden space 336896K, 100% used [0x00000000eb600000,0x00000000fff00000,0x00000000fff00000)
  from space 512K, 18% used [0x00000000fff80000,0x00000000fff98000,0x0000000100000000)
  to   space 512K, 0% used [0x00000000fff00000,0x00000000fff00000,0x00000000fff80000)
 ParOldGen       total 60928K, used 20383K [0x00000000c2200000, 0x00000000c5d80000, 0x00000000eb600000)
  object space 60928K, 33% used [0x00000000c2200000,0x00000000c35e7f40,0x00000000c5d80000)
 PSPermGen       total 29696K, used 15623K [0x00000000b7c00000, 0x00000000b9900000, 0x00000000c2200000)
  object space 29696K, 52% used [0x00000000b7c00000,0x00000000b8b41de0,0x00000000b9900000)
Event: 39,429 GC heap after
Heap after GC invocations=92 (full 1):
 PSYoungGen      total 337408K, used 96K [0x00000000eb600000, 0x0000000100000000, 0x0000000100000000)
  eden space 336896K, 0% used [0x00000000eb600000,0x00000000eb600000,0x00000000fff00000)
  from space 512K, 18% used [0x00000000fff00000,0x00000000fff18000,0x00000000fff80000)
  to   space 512K, 0% used [0x00000000fff80000,0x00000000fff80000,0x0000000100000000)
 ParOldGen       total 60928K, used 20383K [0x00000000c2200000, 0x00000000c5d80000, 0x00000000eb600000)
  object space 60928K, 33% used [0x00000000c2200000,0x00000000c35e7f40,0x00000000c5d80000)
 PSPermGen       total 29696K, used 15623K [0x00000000b7c00000, 0x00000000b9900000, 0x00000000c2200000)
  object space 29696K, 52% used [0x00000000b7c00000,0x00000000b8b41de0,0x00000000b9900000)
}
Event: 39,728 GC heap before
{Heap before GC invocations=93 (full 1):
 PSYoungGen      total 337408K, used 336992K [0x00000000eb600000, 0x0000000100000000, 0x0000000100000000)
  eden space 336896K, 100% used [0x00000000eb600000,0x00000000fff00000,0x00000000fff00000)
  from space 512K, 18% used [0x00000000fff00000,0x00000000fff18000,0x00000000fff80000)
  to   space 512K, 0% used [0x00000000fff80000,0x00000000fff80000,0x0000000100000000)
 ParOldGen       total 60928K, used 20383K [0x00000000c2200000, 0x00000000c5d80000, 0x00000000eb600000)
  object space 60928K, 33% used [0x00000000c2200000,0x00000000c35e7f40,0x00000000c5d80000)
 PSPermGen       total 29696K, used 15623K [0x00000000b7c00000, 0x00000000b9900000, 0x00000000c2200000)
  object space 29696K, 52% used [0x00000000b7c00000,0x00000000b8b41fa0,0x00000000b9900000)
Event: 39,730 GC heap after
Heap after GC invocations=93 (full 1):
 PSYoungGen      total 337408K, used 64K [0x00000000eb600000, 0x0000000100000000, 0x0000000100000000)
  eden space 336896K, 0% used [0x00000000eb600000,0x00000000eb600000,0x00000000fff00000)
  from space 512K, 12% used [0x00000000fff80000,0x00000000fff90000,0x0000000100000000)
  to   space 512K, 0% used [0x00000000fff00000,0x00000000fff00000,0x00000000fff80000)
 ParOldGen       total 60928K, used 20383K [0x00000000c2200000, 0x00000000c5d80000, 0x00000000eb600000)
  object space 60928K, 33% used [0x00000000c2200000,0x00000000c35e7f40,0x00000000c5d80000)
 PSPermGen       total 29696K, used 15623K [0x00000000b7c00000, 0x00000000b9900000, 0x00000000c2200000)
  object space 29696K, 52% used [0x00000000b7c00000,0x00000000b8b41fa0,0x00000000b9900000)
}

